service/build/intermediates/manifest_merge_blame_file/debug/manifest-merger-blame-debug-report.txt
1<?xml version="1.0" encoding="utf-8"?>
2<manifest xmlns:android="http://schemas.android.com/apk/res/android"
3    package="com.navajasuiza.service" >
4
5    <uses-sdk android:minSdkVersion="26" />
6
7    <uses-permission android:name="android.permission.FOREGROUND_SERVICE" />
7-->src\main\AndroidManifest.xml:3:5-77
7-->src\main\AndroidManifest.xml:3:22-74
8    <uses-permission android:name="android.permission.FOREGROUND_SERVICE_MEDIA_PROJECTION" />
8-->src\main\AndroidManifest.xml:4:5-94
8-->src\main\AndroidManifest.xml:4:22-91
9    <uses-permission android:name="android.permission.SYSTEM_ALERT_WINDOW" />
9-->src\main\AndroidManifest.xml:5:5-78
9-->src\main\AndroidManifest.xml:5:22-75
10    <uses-permission android:name="android.permission.POST_NOTIFICATIONS" />
10-->src\main\AndroidManifest.xml:6:5-77
10-->src\main\AndroidManifest.xml:6:22-74
11
12    <application>
12-->src\main\AndroidManifest.xml:8:5-22:19
13        <service
13-->src\main\AndroidManifest.xml:9:9-13:63
14            android:name="com.navajasuiza.service.FloatingService"
14-->src\main\AndroidManifest.xml:10:13-44
15            android:enabled="true"
15-->src\main\AndroidManifest.xml:11:13-35
16            android:exported="false"
16-->src\main\AndroidManifest.xml:12:13-37
17            android:foregroundServiceType="mediaProjection" />
17-->src\main\AndroidManifest.xml:13:13-60
18        <!--
19                 Note: foregroundServiceType might need refinement based on exact Android version usage. 
20                 'dataSync' or 'specialUse' might be safer if not doing projection immediately, 
21                 but user mentioned MediaProjection later. For now commonly 'specialUse' or 'dataSync' for overlay tools. 
22                 Wait, user said 'Service (ForegroundService)'. Will stick to basic defaults or none if API < 29, 
23                 but API 34 requires it. Let's use 'specialUse' if available or just generic for now and fix compile if needed.
24                 Actually, simpler to omit type if not strictly enforcing yet, or use 'dataSync' as placeholder.
25                 Re-reading user request: "mixture... MediaProjection". So eventually likely "mediaProjection".
26                 Let's stick to no specific type for this step unless it errors, or add 'dataSync'.
27        -->
28    </application>
29
30</manifest>